<?xml version="1.0" encoding="UTF-8"?>
<testsuite name="autotests.tests.DuckActionsTest" time="0.0" tests="1" errors="0" skipped="0" failures="0">
    <testcase name="DuckActionsTest.successfulDuckFly_1" classname="autotests.tests.DuckActionsTest" time="0.0"/>
</testsuite>